
Sat Sep 03 15:12:12 MSK 2022 Program started
Sat Sep 03 15:16:13 MSK 2022 Program started
Sat Sep 03 15:23:11 MSK 2022 Program started
Sat Sep 03 15:23:37 MSK 2022 Program started
Sat Sep 03 15:23:46 MSK 2022 Program started
Sat Sep 03 16:21:03 MSK 2022 Program started
Sat Sep 03 16:33:13 MSK 2022 Program started
Sat Sep 03 16:45:05 MSK 2022 Program started
Sat Sep 03 16:45:34 MSK 2022 Program started
Sat Sep 03 16:51:21 MSK 2022 Program started
Sat Sep 03 16:52:44 MSK 2022 Program started
Sat Sep 03 16:53:25 MSK 2022 Program started
Sat Sep 03 16:57:48 MSK 2022 Program started
Sat Sep 03 16:58:53 MSK 2022 Program started
Sat Sep 03 17:10:20 MSK 2022 Program started
Sat Sep 03 17:11:57 MSK 2022 Program started
Sat Sep 03 17:12:51 MSK 2022 Program started
Sat Sep 03 17:13:43 MSK 2022 Program started
Sat Sep 03 17:14:38 MSK 2022 Program started
Sat Sep 03 17:21:40 MSK 2022 Program started
Sat Sep 03 17:22:39 MSK 2022 Program started
Sat Sep 03 17:23:11 MSK 2022 Program started
Sat Sep 03 19:14:10 MSK 2022 Program started
Sat Sep 03 19:14:36 MSK 2022 Program started
Sat Sep 03 19:17:37 MSK 2022 Program started
Sat Sep 03 19:17:59 MSK 2022 Program started
Sat Sep 03 19:18:53 MSK 2022 Program started
Sat Sep 03 19:19:31 MSK 2022 Program started
Sat Sep 03 19:20:21 MSK 2022 Program started
Sat Sep 03 19:30:10 MSK 2022 Program started
Sun Sep 04 11:34:55 MSK 2022 Program started
Mon Sep 05 20:12:01 MSK 2022 Program started
Tue Sep 06 20:13:45 MSK 2022 Program started
Tue Sep 06 20:15:01 MSK 2022 Program started
Tue Sep 06 20:15:40 MSK 2022 Program started
Tue Sep 06 20:16:11 MSK 2022 Program started
Tue Sep 06 20:17:55 MSK 2022 Program started
Tue Sep 06 20:18:49 MSK 2022 Program started
Tue Sep 06 20:21:56 MSK 2022 Program started
Tue Sep 06 20:23:23 MSK 2022 Program started
Tue Sep 06 20:23:39 MSK 2022 Program started
Tue Sep 06 20:32:44 MSK 2022 Program started
Tue Sep 06 20:35:44 MSK 2022 Program started
Tue Sep 06 20:37:32 MSK 2022 Program started
Tue Sep 06 20:39:43 MSK 2022 Program started
Tue Sep 06 20:40:15 MSK 2022 Program started
Tue Sep 06 20:46:15 MSK 2022 Program started
Tue Sep 06 20:46:50 MSK 2022 Program started
Tue Sep 06 20:47:55 MSK 2022 Program started
Tue Sep 06 20:49:21 MSK 2022 Program started
Tue Sep 06 20:51:21 MSK 2022 Program started
Tue Sep 06 20:52:22 MSK 2022 Program started
Tue Sep 06 20:53:17 MSK 2022 Program started
Wed Sep 07 06:53:19 MSK 2022 Program started
Wed Sep 07 07:06:51 MSK 2022 Program started
Wed Sep 07 16:42:37 MSK 2022 Program started
Wed Sep 07 16:51:50 MSK 2022 Program started
Fri Sep 09 19:54:34 MSK 2022 Program started
Sat Sep 10 20:13:04 MSK 2022 Program started